[online.ayp.vn/leadyourcareer1.html]
[backblue.gif]
[fade.gif]
[index.html]
[w.ladicdn.com_443/5e4127b38fd5ba4436241276/40105717_1853969321306476_1148534848349011968_o-min-20200217155907.png]
[w.ladicdn.com/v2/source/ladipage.vi.minc647.js]
[w.ladicdn.com/s550x400/5e4127b38fd5ba4436241276/40105717_1853969321306476_1148534848349011968_o-min-20200217155907.png]
[w.ladicdn.com/s450x450/5e4127b38fd5ba4436241276/zoom_logo_0-20200327015836.png]
[w.ladicdn.com/s400x400/5e4127b38fd5ba4436241276/icon-3-cad-20201205043135.png]
[w.ladicdn.com/s400x400/5e4127b38fd5ba4436241276/icon-dong-ho-20201205042811.png]
[w.ladicdn.com/s1500x900/5e4127b38fd5ba4436241276/3-20211111174430.png]
[w.ladicdn.com/s650x650/5e4127b38fd5ba4436241276/anh-tri-20201124061653.png]
[w.ladicdn.com/s400x400/5e4127b38fd5ba4436241276/160px-dai_hoc_tai_chinh_-_marketing-20200228032858.png]
[w.ladicdn.com/s400x400/5e4127b38fd5ba4436241276/dai_hoc_ngan_hang_thanh_pho_ho_chi_minh-20200228041230.png]
[w.ladicdn.com/s450x400/5e4127b38fd5ba4436241276/trung-tam-ngoai-ngu-tin-hoc-huflit-0-ieqgij-20200228031454.jpg]
[w.ladicdn.com/s400x400/5e4127b38fd5ba4436241276/truong-dai-hoc-mo-tp-ho-chi-minh-cs-nguyen-kiem-0-smsran-20200228031542.jpg]
[w.ladicdn.com/s450x400/5e4127b38fd5ba4436241276/2-20200228030959.jpg]
[w.ladicdn.com/s450x400/5e4127b38fd5ba4436241276/c797c1776485d2998990ae4094c998a9-20200228030959.png]
[w.ladicdn.com/s400x400/5e4127b38fd5ba4436241276/logoiuh-20200228031451.png]
[w.ladicdn.com/s450x450/5e4127b38fd5ba4436241276/9-1-140x140-20200228040838.png]
[w.ladicdn.com/s450x350/5e4127b38fd5ba4436241276/e8fa53887cb9827fe7b811fe098e0c3c-20200228031541.png]
[w.ladicdn.com/s450x350/5e4127b38fd5ba4436241276/logohsu_en-20200228031540.png]
[w.ladicdn.com/s450x400/5e4127b38fd5ba4436241276/1024px-tdt_logo-20200228030958.png]
[w.ladicdn.com/s450x350/5e4127b38fd5ba4436241276/1200px-rmit_university_logosvg-1-20200228031541.png]
[w.ladicdn.com/s400x400/5e4127b38fd5ba4436241276/dai_hoc_khoa_hoc_tu_nhien_dhqg-hcm-20200228041230.png]
[w.ladicdn.com/s400x400/5e4127b38fd5ba4436241276/logo_dai_hoc_kinh_te_-_luat-20200228031542.png]
[w.ladicdn.com/s400x400/5e4127b38fd5ba4436241276/tai-xuong-20200228031447.png]
[w.ladicdn.com/s400x400/5e4127b38fd5ba4436241276/logo_of_university_of_architecture_ho_chi_minh_city-20200228031540.png]
[w.ladicdn.com/s450x450/5e4127b38fd5ba4436241276/logo-khach-hang-dai-hoc-sai-gon-20200228033510.jpg]
[w.ladicdn.com/s400x400/5e4127b38fd5ba4436241276/tai-xuong-1-20200228031450.png]
[w.ladicdn.com/s400x400/5e4127b38fd5ba4436241276/logo-dhyd-400-20200228034032.jpg]
[w.ladicdn.com/s400x400/5e4127b38fd5ba4436241276/1004px-logo-hcmutsvg-20200228030957.png]
[w.ladicdn.com/s400x400/5e4127b38fd5ba4436241276/brasolvn-logo-hutech-avatars-000070252691-ftki2r-t500x500-20200228030957.jpg]
[w.ladicdn.com/s400x400/5e4127b38fd5ba4436241276/logo_truong_dh_kinh_te_tphcm-20200228031542.jpg]
[w.ladicdn.com/s400x400/5e4127b38fd5ba4436241276/ftus_logo-1-20200228034032.jpg]
[w.ladicdn.com/s400x400/5e4127b38fd5ba4436241276/logo_hcmuaf-20200228031542.png]
[w.ladicdn.com/s450x400/5e4127b38fd5ba4436241276/zoom_logo_0-20200327015836.png]
[w.ladicdn.com/s750x500/5e4127b38fd5ba4436241276/3-20211111174430.png]
[w.ladicdn.com/s500x500/5e4127b38fd5ba4436241276/anh-tri-20201124061653.png]
[w.ladicdn.com/s350x350/5e4127b38fd5ba4436241276/160px-dai_hoc_tai_chinh_-_marketing-20200228032858.png]
[w.ladicdn.com/s350x350/5e4127b38fd5ba4436241276/dai_hoc_ngan_hang_thanh_pho_ho_chi_minh-20200228041230.png]
[w.ladicdn.com/s400x350/5e4127b38fd5ba4436241276/trung-tam-ngoai-ngu-tin-hoc-huflit-0-ieqgij-20200228031454.jpg]
[w.ladicdn.com/s350x350/5e4127b38fd5ba4436241276/truong-dai-hoc-mo-tp-ho-chi-minh-cs-nguyen-kiem-0-smsran-20200228031542.jpg]
[w.ladicdn.com/s350x350/5e4127b38fd5ba4436241276/2-20200228030959.jpg]
[w.ladicdn.com/s400x350/5e4127b38fd5ba4436241276/c797c1776485d2998990ae4094c998a9-20200228030959.png]
[w.ladicdn.com/s350x350/5e4127b38fd5ba4436241276/logoiuh-20200228031451.png]
[w.ladicdn.com/s400x400/5e4127b38fd5ba4436241276/9-1-140x140-20200228040838.png]
[w.ladicdn.com/s400x350/5e4127b38fd5ba4436241276/e8fa53887cb9827fe7b811fe098e0c3c-20200228031541.png]
[w.ladicdn.com/s350x350/5e4127b38fd5ba4436241276/logohsu_en-20200228031540.png]
[w.ladicdn.com/s350x350/5e4127b38fd5ba4436241276/1024px-tdt_logo-20200228030958.png]
[w.ladicdn.com/s350x350/5e4127b38fd5ba4436241276/1200px-rmit_university_logosvg-1-20200228031541.png]
[w.ladicdn.com/s350x350/5e4127b38fd5ba4436241276/dai_hoc_khoa_hoc_tu_nhien_dhqg-hcm-20200228041230.png]
[w.ladicdn.com/s350x350/5e4127b38fd5ba4436241276/logo_dai_hoc_kinh_te_-_luat-20200228031542.png]
[w.ladicdn.com/s350x350/5e4127b38fd5ba4436241276/tai-xuong-20200228031447.png]
[w.ladicdn.com/s350x350/5e4127b38fd5ba4436241276/logo_of_university_of_architecture_ho_chi_minh_city-20200228031540.png]
[w.ladicdn.com/s350x350/5e4127b38fd5ba4436241276/logo-khach-hang-dai-hoc-sai-gon-20200228033510.jpg]
[w.ladicdn.com/s350x350/5e4127b38fd5ba4436241276/tai-xuong-1-20200228031450.png]
[w.ladicdn.com/s350x350/5e4127b38fd5ba4436241276/logo-dhyd-400-20200228034032.jpg]
[w.ladicdn.com/s350x350/5e4127b38fd5ba4436241276/1004px-logo-hcmutsvg-20200228030957.png]
[w.ladicdn.com/s350x350/5e4127b38fd5ba4436241276/brasolvn-logo-hutech-avatars-000070252691-ftki2r-t500x500-20200228030957.jpg]
[w.ladicdn.com/s350x350/5e4127b38fd5ba4436241276/logo_truong_dh_kinh_te_tphcm-20200228031542.jpg]
[w.ladicdn.com/s350x350/5e4127b38fd5ba4436241276/ftus_logo-1-20200228034032.jpg]
[w.ladicdn.com/s350x350/5e4127b38fd5ba4436241276/logo_hcmuaf-20200228031542.png]
[connect.facebook.net/en_US/fbevents.js]
[online.ayp.vn/leadyourcareer1.html]
[w.ladicdn.com/v2/source/ladipage.minc647.css]
[online.ayp.vn/c.html]
[online.ayp.vn/b.html]
[connect.facebook.net/en_US/fbevents.js]
[w.ladicdn.com/v2/source/ladipage.minc647.css]
[online.ayp.vn/c.html]
[online.ayp.vn/b.html]
[online.ayp.vn/POST.html]
[online.ayp.vn/POST.html]
